<?xml version="1.0" encoding="UTF-8"?>
<!-- Generated by org.testng.reporters.JUnitXMLReporter -->
<testsuite hostname="LAPTOP-UVUDJI20" ignored="0" name="Queue_Assignment_Check" tests="3" failures="1" timestamp="2020-07-24T11:53:51 IST" time="415.917" errors="0">
  <testcase name="TestCaseConfig5" time="60.259" classname="Scenario_EnableQueueassignment.Caseconfigqueue"/>
  <testcase name="TestCaseRRDUserCreation" time="95.968" classname="Scenario_EnableQueueassignment.Defineteam"/>
  <testcase name="CaseCreationTest" time="114.404" classname="Scenario_EnableQueueassignment.Casecreationqueue">
    <failure type="org.openqa.selenium.ElementClickInterceptedException" message="element click intercepted: Element &amp;lt;a aria-required=&amp;quot;false&amp;quot; class=&amp;quot;select&amp;quot; aria-disabled=&amp;quot;false&amp;quot; aria-describedby=&amp;quot;78:2039;a-label&amp;quot; aria-haspopup=&amp;quot;true&amp;quot; tabindex=&amp;quot;0&amp;quot; role=&amp;quot;button&amp;quot; title=&amp;quot;&amp;quot; data-aura-rendered-by=&amp;quot;88:2039;a&amp;quot; href=&amp;quot;javascript:void(0);&amp;quot; data-interactive-lib-uid=&amp;quot;6&amp;quot;&amp;gt;...&amp;lt;/a&amp;gt; is not clickable at point (946, 286). Other element would receive the click: &amp;lt;support-lwc-input-case-status data-data-rendering-service-uid=&amp;quot;758&amp;quot; data-aura-rendered-by=&amp;quot;48:2039;a&amp;quot;&amp;gt;&amp;lt;/support-lwc-input-case-status&amp;gt;
  (Session info: chrome=84.0.4147.89)
Build info: version: &amp;apos;3.141.59&amp;apos;, revision: &amp;apos;e82be7d358&amp;apos;, time: &amp;apos;2018-11-14T08:17:03&amp;apos;
System info: host: &amp;apos;LAPTOP-UVUDJI20&amp;apos;, ip: &amp;apos;192.168.1.5&amp;apos;, os.name: &amp;apos;Windows 10&amp;apos;, os.arch: &amp;apos;amd64&amp;apos;, os.version: &amp;apos;10.0&amp;apos;, java.version: &amp;apos;1.8.0_251&amp;apos;
Driver info: org.openqa.selenium.chrome.ChromeDriver
Capabilities {acceptInsecureCerts: false, browserName: chrome, browserVersion: 84.0.4147.89, chrome: {chromedriverVersion: 83.0.4103.39 (ccbf011cb2d2b..., userDataDir: C:\Users\kansh\AppData\Loca...}, goog:chromeOptions: {debuggerAddress: localhost:53944}, javascriptEnabled: true, networkConnectionEnabled: false, pageLoadStrategy: normal, platform: WINDOWS, platformName: WINDOWS, proxy: Proxy(), setWindowRect: true, strictFileInteractability: false, timeouts: {implicit: 0, pageLoad: 300000, script: 30000}, unhandledPromptBehavior: dismiss and notify, webauthn:virtualAuthenticators: true}
Session ID: 08f5102bd864a39760920f182ce71aa7">
      <![CDATA[org.openqa.selenium.ElementClickInterceptedException: element click intercepted: Element <a aria-required="false" class="select" aria-disabled="false" aria-describedby="78:2039;a-label" aria-haspopup="true" tabindex="0" role="button" title="" data-aura-rendered-by="88:2039;a" href="javascript:void(0);" data-interactive-lib-uid="6">...</a> is not clickable at point (946, 286). Other element would receive the click: <support-lwc-input-case-status data-data-rendering-service-uid="758" data-aura-rendered-by="48:2039;a"></support-lwc-input-case-status>
  (Session info: chrome=84.0.4147.89)
Build info: version: '3.141.59', revision: 'e82be7d358', time: '2018-11-14T08:17:03'
System info: host: 'LAPTOP-UVUDJI20', ip: '192.168.1.5', os.name: 'Windows 10', os.arch: 'amd64', os.version: '10.0', java.version: '1.8.0_251'
Driver info: org.openqa.selenium.chrome.ChromeDriver
Capabilities {acceptInsecureCerts: false, browserName: chrome, browserVersion: 84.0.4147.89, chrome: {chromedriverVersion: 83.0.4103.39 (ccbf011cb2d2b..., userDataDir: C:\Users\kansh\AppData\Loca...}, goog:chromeOptions: {debuggerAddress: localhost:53944}, javascriptEnabled: true, networkConnectionEnabled: false, pageLoadStrategy: normal, platform: WINDOWS, platformName: WINDOWS, proxy: Proxy(), setWindowRect: true, strictFileInteractability: false, timeouts: {implicit: 0, pageLoad: 300000, script: 30000}, unhandledPromptBehavior: dismiss and notify, webauthn:virtualAuthenticators: true}
Session ID: 08f5102bd864a39760920f182ce71aa7
at org.openqa.selenium.remote.http.W3CHttpResponseCodec.createException(W3CHttpResponseCodec.java:187)
at org.openqa.selenium.remote.http.W3CHttpResponseCodec.decode(W3CHttpResponseCodec.java:122)
at org.openqa.selenium.remote.http.W3CHttpResponseCodec.decode(W3CHttpResponseCodec.java:49)
at org.openqa.selenium.remote.HttpCommandExecutor.execute(HttpCommandExecutor.java:158)
at org.openqa.selenium.remote.service.DriverCommandExecutor.execute(DriverCommandExecutor.java:83)
at org.openqa.selenium.remote.RemoteWebDriver.execute(RemoteWebDriver.java:552)
at org.openqa.selenium.remote.RemoteWebElement.execute(RemoteWebElement.java:285)
at org.openqa.selenium.remote.RemoteWebElement.click(RemoteWebElement.java:84)
at org.openqa.selenium.support.pagefactory.internal.LocatingElementHandler.invoke(LocatingElementHandler.java:51)
at com.sun.proxy.$Proxy9.click(Unknown Source)
at com.mirketa.pages.RRD_New_Case_page.pickpriority(RRD_New_Case_page.java:194)
at Scenario_EnableQueueassignment.Casecreationqueue.CaseCreationTest(Casecreationqueue.java:129)
at java.util.ArrayList.forEach(ArrayList.java:1257)
... Removed 34 stack frames]]>
    </failure>
  </testcase> <!-- CaseCreationTest -->
</testsuite> <!-- Queue_Assignment_Check -->
